Determining if the pthread_create exist failed with the following output:
Change Dir: /home/student1/advancedhpc2021/labwork/build/CMakeFiles/CMakeTmp

Run Build Command:"/usr/bin/make" "cmTC_ae745/fast"
/usr/bin/make -f CMakeFiles/cmTC_ae745.dir/build.make CMakeFiles/cmTC_ae745.dir/build
make[1]: Entering directory '/home/student1/advancedhpc2021/labwork/build/CMakeFiles/CMakeTmp'
Building C object CMakeFiles/cmTC_ae745.dir/CheckSymbolExists.c.o
/usr/bin/cc   -fPIC    -o CMakeFiles/cmTC_ae745.dir/CheckSymbolExists.c.o   -c /home/student1/advancedhpc2021/labwork/build/CMakeFiles/CMakeTmp/CheckSymbolExists.c
Linking C executable cmTC_ae745
/usr/bin/cmake -E cmake_link_script CMakeFiles/cmTC_ae745.dir/link.txt --verbose=1
/usr/bin/cc -fPIC     -rdynamic CMakeFiles/cmTC_ae745.dir/CheckSymbolExists.c.o  -o cmTC_ae745 
/usr/bin/ld: CMakeFiles/cmTC_ae745.dir/CheckSymbolExists.c.o: in function `main':
CheckSymbolExists.c:(.text+0x1b): undefined reference to `pthread_create'
collect2: error: ld returned 1 exit status
make[1]: *** [CMakeFiles/cmTC_ae745.dir/build.make:87: cmTC_ae745] Error 1
make[1]: Leaving directory '/home/student1/advancedhpc2021/labwork/build/CMakeFiles/CMakeTmp'
make: *** [Makefile:121: cmTC_ae745/fast] Error 2

File /home/student1/advancedhpc2021/labwork/build/CMakeFiles/CMakeTmp/CheckSymbolExists.c:
/* */
#include <pthread.h>

int main(int argc, char** argv)
{
  (void)argv;
#ifndef pthread_create
  return ((int*)(&pthread_create))[argc];
#else
  (void)argc;
  return 0;
#endif
}

Determining if the function pthread_create exists in the pthreads failed with the following output:
Change Dir: /home/student1/advancedhpc2021/labwork/build/CMakeFiles/CMakeTmp

Run Build Command:"/usr/bin/make" "cmTC_13da1/fast"
/usr/bin/make -f CMakeFiles/cmTC_13da1.dir/build.make CMakeFiles/cmTC_13da1.dir/build
make[1]: Entering directory '/home/student1/advancedhpc2021/labwork/build/CMakeFiles/CMakeTmp'
Building C object CMakeFiles/cmTC_13da1.dir/CheckFunctionExists.c.o
/usr/bin/cc   -fPIC -DCHECK_FUNCTION_EXISTS=pthread_create   -o CMakeFiles/cmTC_13da1.dir/CheckFunctionExists.c.o   -c /usr/share/cmake-3.13/Modules/CheckFunctionExists.c
Linking C executable cmTC_13da1
/usr/bin/cmake -E cmake_link_script CMakeFiles/cmTC_13da1.dir/link.txt --verbose=1
/usr/bin/cc -fPIC -DCHECK_FUNCTION_EXISTS=pthread_create    -rdynamic CMakeFiles/cmTC_13da1.dir/CheckFunctionExists.c.o  -o cmTC_13da1 -lpthreads 
/usr/bin/ld: cannot find -lpthreads
collect2: error: ld returned 1 exit status
make[1]: *** [CMakeFiles/cmTC_13da1.dir/build.make:87: cmTC_13da1] Error 1
make[1]: Leaving directory '/home/student1/advancedhpc2021/labwork/build/CMakeFiles/CMakeTmp'
make: *** [Makefile:121: cmTC_13da1/fast] Error 2


